Info: Start Nativelink Simulation process

========= EDA Simulation Settings =====================

Sim Mode              :  Gate
Family                :  cyclonev
Quartus root          :  c:/intelfpga_lite/18.1/quartus/bin64/
Quartus sim root      :  c:/intelfpga_lite/18.1/quartus/eda/sim_lib
Simulation Tool       :  modelsim-altera
Simulation Language   :  systemverilog
Simulation Mode       :  GUI
Sim Output File       :  fifo_bram.svo
Sim SDF file          :  fifo_bram__verilog.sdo
Sim dir               :  simulation\modelsim

=======================================================

Info: Starting NativeLink simulation with ModelSim-Altera software
Sourced NativeLink script c:/intelfpga_lite/18.1/quartus/common/tcl/internal/nativelink/modelsim.tcl
Warning: File fifo_bram_run_msim_gate_systemverilog.do already exists - backing up current file as fifo_bram_run_msim_gate_systemverilog.do.bak8
Probing transcript
ModelSim-Altera Info: # Reading C:/intelFPGA_lite/18.1/modelsim_ase/tcl/vsim/pref.tcl
ModelSim-Altera Info: # do fifo_bram_run_msim_gate_systemverilog.do
ModelSim-Altera Info: # if {[file exists gate_work]} {
ModelSim-Altera Info: # 	vdel -lib gate_work -all
ModelSim-Altera Info: # }
ModelSim-Altera Info: # vlib gate_work
ModelSim-Altera Info: # vmap work gate_work
ModelSim-Altera Info: # Model Technology ModelSim - Intel FPGA Edition vmap 10.5b Lib Mapping Utility 2016.10 Oct  5 2016
ModelSim-Altera Info: # vmap work gate_work 
ModelSim-Altera Info: # Copying C:/intelFPGA_lite/18.1/modelsim_ase/win32aloem/../modelsim.ini to modelsim.ini
ModelSim-Altera Info: # Modifying modelsim.ini
ModelSim-Altera Info: # 
ModelSim-Altera Info: # vlog -sv -work work +incdir+. {fifo_bram.svo}
ModelSim-Altera Info: # Model Technology ModelSim - Intel FPGA Edition vlog 10.5b Compiler 2016.10 Oct  5 2016
ModelSim-Altera Info: # Start time: 11:45:34 on Jul 10,2026
ModelSim-Altera Info: # vlog -reportprogress 300 -sv -work work "+incdir+." fifo_bram.svo 
ModelSim-Altera Info: # -- Compiling module fifo_bram
ModelSim-Altera Info: # 
ModelSim-Altera Info: # Top level modules:
ModelSim-Altera Info: # 	fifo_bram
ModelSim-Altera Info: # End time: 11:45:34 on Jul 10,2026, Elapsed time: 0:00:00
ModelSim-Altera Info: # Errors: 0, Warnings: 0
ModelSim-Altera Info: # 
ModelSim-Altera Info: # vlog -sv -work work +incdir+C:/Users/Noman\ Traders/Desktop/AYAT/QUARTUS/FIFO_BRAM {C:/Users/Noman Traders/Desktop/AYAT/QUARTUS/FIFO_BRAM/fifo_bram_tb.sv}
ModelSim-Altera Info: # Model Technology ModelSim - Intel FPGA Edition vlog 10.5b Compiler 2016.10 Oct  5 2016
ModelSim-Altera Info: # Start time: 11:45:34 on Jul 10,2026
ModelSim-Altera Info: # vlog -reportprogress 300 -sv -work work "+incdir+C:/Users/Noman Traders/Desktop/AYAT/QUARTUS/FIFO_BRAM" C:/Users/Noman Traders/Desktop/AYAT/QUARTUS/FIFO_BRAM/fifo_bram_tb.sv 
ModelSim-Altera Info: # -- Compiling module fifo_bram_tb
ModelSim-Altera Info: # 
ModelSim-Altera Info: # Top level modules:
ModelSim-Altera Info: # 	fifo_bram_tb
ModelSim-Altera Info: # End time: 11:45:34 on Jul 10,2026, Elapsed time: 0:00:00
ModelSim-Altera Info: # Errors: 0, Warnings: 0
ModelSim-Altera Info: # 
ModelSim-Altera Info: # vsim -t 1ps +transport_int_delays +transport_path_delays -L altera_ver -L altera_lnsim_ver -L cyclonev_ver -L lpm_ver -L sgate_ver -L cyclonev_hssi_ver -L altera_mf_ver -L cyclonev_pcie_hip_ver -L gate_work -L work -voptargs="+acc"  fifo_bram_tb
ModelSim-Altera Info: # vsim -t 1ps "+transport_int_delays" "+transport_path_delays" -L altera_ver -L altera_lnsim_ver -L cyclonev_ver -L lpm_ver -L sgate_ver -L cyclonev_hssi_ver -L altera_mf_ver -L cyclonev_pcie_hip_ver -L gate_work -L work -voptargs=""+acc"" fifo_bram_tb 
ModelSim-Altera Info: # Start time: 11:45:35 on Jul 10,2026
ModelSim-Altera Info: # Loading sv_std.std
ModelSim-Altera Info: # Loading work.fifo_bram_tb
ModelSim-Altera Error: # ** Error: (vsim-3033) C:/Users/Noman Traders/Desktop/AYAT/QUARTUS/FIFO_BRAM/fifo_bram_tb.sv(9): Instantiation of 'fifo_interface' failed. The design unit was not found.
ModelSim-Altera Info: #    Time: 0 ps  Iteration: 0  Instance: /fifo_bram_tb File: C:/Users/Noman Traders/Desktop/AYAT/QUARTUS/FIFO_BRAM/fifo_bram_tb.sv
ModelSim-Altera Info: #         Searched libraries:
ModelSim-Altera Info: #             C:/intelFPGA_lite/18.1/modelsim_ase/altera/verilog/altera
ModelSim-Altera Info: #             C:/intelFPGA_lite/18.1/modelsim_ase/altera/verilog/altera_lnsim
ModelSim-Altera Info: #             C:/intelFPGA_lite/18.1/modelsim_ase/altera/verilog/cyclonev
ModelSim-Altera Info: #             C:/intelFPGA_lite/18.1/modelsim_ase/altera/verilog/220model
ModelSim-Altera Info: #             C:/intelFPGA_lite/18.1/modelsim_ase/altera/verilog/sgate
ModelSim-Altera Info: #             C:/intelFPGA_lite/18.1/modelsim_ase/altera/verilog/cyclonev_hssi
ModelSim-Altera Info: #             C:/intelFPGA_lite/18.1/modelsim_ase/altera/verilog/altera_mf
ModelSim-Altera Info: #             C:/intelFPGA_lite/18.1/modelsim_ase/altera/verilog/cyclonev_pcie_hip
ModelSim-Altera Info: #             C:/Users/Noman Traders/Desktop/AYAT/QUARTUS/FIFO_BRAM/simulation/modelsim/gate_work
ModelSim-Altera Info: #             C:/Users/Noman Traders/Desktop/AYAT/QUARTUS/FIFO_BRAM/simulation/modelsim/gate_work
ModelSim-Altera Info: # Loading work.fifo_bram
ModelSim-Altera Info: # Loading cyclonev_ver.cyclonev_io_obuf
ModelSim-Altera Info: # Loading cyclonev_ver.cyclonev_io_ibuf
ModelSim-Altera Info: # Loading cyclonev_ver.cyclonev_clkena
ModelSim-Altera Info: # Loading cyclonev_ver.cyclonev_lcell_comb
ModelSim-Altera Info: # Loading altera_ver.dffeas
ModelSim-Altera Info: # Error loading design
ModelSim-Altera Info: # Error: Error loading design
ModelSim-Altera Info: #        Pausing macro execution
ModelSim-Altera Info: # MACRO ./fifo_bram_run_msim_gate_systemverilog.do PAUSED at line 12
ModelSim-Altera Info: # End time: 11:45:49 on Jul 10,2026, Elapsed time: 0:00:14
ModelSim-Altera Info: # Errors: 1, Warnings: 0
Error: Errors encountered while running modelsim do file
Error: NativeLink simulation flow was NOT successful



================The following additional information is provided to help identify the cause of error while running nativelink scripts=================
Nativelink TCL script failed with errorCode:  1
Nativelink TCL script failed with errorInfo:  1
    (procedure "launch_sim" line 1)
    invoked from within
"launch_sim launch_args_hash"
    ("eval" body line 1)
    invoked from within
"eval launch_sim launch_args_hash"
    invoked from within
"if [ info exists ::errorCode ] {
                set savedCode $::errorCode
                set savedInfo $::errorInfo
                error $result $..."
    invoked from within
"if [catch {eval launch_sim launch_args_hash} result ] {
            set status 1
            if [ info exists ::errorCode ] {
                set save..."
    (procedure "run_sim" line 74)
    invoked from within
"run_sim run_sim_args_hash"
    invoked from within
"if [ info exists ::errorCode ] {
            set savedCode $::errorCode
            set savedInfo $::errorInfo
            error "$result" $savedInfo ..."
    (procedure "run_eda_simulation_tool" line 334)
    invoked from within
"run_eda_simulation_tool eda_opts_hash"
