Assembler report for encoder_if
Tue Jun 23 20:46:44 2026
Quartus Prime Version 18.1.0 Build 625 09/12/2018 SJ Lite Edition


---------------------
; Table of Contents ;
---------------------
  1. Legal Notice
  2. Assembler Summary
  3. Assembler Settings
  4. Assembler Generated Files
  5. Assembler Device Options: C:/Users/Noman Traders/Desktop/AYAT/QUARTUS/ENCODER USING IF-ELSE/output_files/encoder_if.sof
  6. Assembler Messages



----------------
; Legal Notice ;
----------------
Copyright (C) 2018  Intel Corporation. All rights reserved.
Your use of Intel Corporation's design tools, logic functions 
and other software and tools, and its AMPP partner logic 
functions, and any output files from any of the foregoing 
(including device programming or simulation files), and any 
associated documentation or information are expressly subject 
to the terms and conditions of the Intel Program License 
Subscription Agreement, the Intel Quartus Prime License Agreement,
the Intel FPGA IP License Agreement, or other applicable license
agreement, including, without limitation, that your use is for
the sole purpose of programming logic devices manufactured by
Intel and sold by Intel or its authorized distributors.  Please
refer to the applicable agreement for further details.



+---------------------------------------------------------------+
; Assembler Summary                                             ;
+-----------------------+---------------------------------------+
; Assembler Status      ; Successful - Tue Jun 23 20:46:44 2026 ;
; Revision Name         ; encoder_if                            ;
; Top-level Entity Name ; encoder_if                            ;
; Family                ; Cyclone V                             ;
; Device                ; 5CGXFC7C6U19C6                        ;
+-----------------------+---------------------------------------+


+----------------------------------+
; Assembler Settings               ;
+--------+---------+---------------+
; Option ; Setting ; Default Value ;
+--------+---------+---------------+


+-----------------------------------------------------------------------------------------------+
; Assembler Generated Files                                                                     ;
+-----------------------------------------------------------------------------------------------+
; File Name                                                                                     ;
+-----------------------------------------------------------------------------------------------+
; C:/Users/Noman Traders/Desktop/AYAT/QUARTUS/ENCODER USING IF-ELSE/output_files/encoder_if.sof ;
+-----------------------------------------------------------------------------------------------+


+-------------------------------------------------------------------------------------------------------------------------+
; Assembler Device Options: C:/Users/Noman Traders/Desktop/AYAT/QUARTUS/ENCODER USING IF-ELSE/output_files/encoder_if.sof ;
+----------------+--------------------------------------------------------------------------------------------------------+
; Option         ; Setting                                                                                                ;
+----------------+--------------------------------------------------------------------------------------------------------+
; JTAG usercode  ; 0x00EC7122                                                                                             ;
; Checksum       ; 0x00EC7122                                                                                             ;
+----------------+--------------------------------------------------------------------------------------------------------+


+--------------------+
; Assembler Messages ;
+--------------------+
Info: *******************************************************************
Info: Running Quartus Prime Assembler
    Info: Version 18.1.0 Build 625 09/12/2018 SJ Lite Edition
    Info: Processing started: Tue Jun 23 20:46:34 2026
Info: Command: quartus_asm --read_settings_files=off --write_settings_files=off encoder_if -c encoder_if
Warning (18236): Number of processors has not been specified which may cause overloading on shared machines.  Set the global assignment NUM_PARALLEL_PROCESSORS in your QSF to an appropriate value for best performance.
Info (115030): Assembler is generating device programming files
Info: Quartus Prime Assembler was successful. 0 errors, 1 warning
    Info: Peak virtual memory: 4826 megabytes
    Info: Processing ended: Tue Jun 23 20:46:44 2026
    Info: Elapsed time: 00:00:10
    Info: Total CPU time (on all processors): 00:00:08


