Flow report for add_sub
Thu Jul 16 04:48:38 2026
Quartus Prime Version 18.1.0 Build 625 09/12/2018 SJ Lite Edition


---------------------
; Table of Contents ;
---------------------
  1. Legal Notice
  2. Flow Summary
  3. Flow Settings
  4. Flow Non-Default Global Settings
  5. Flow Elapsed Time
  6. Flow OS Summary
  7. Flow Log
  8. Flow Messages
  9. Flow Suppressed Messages



----------------
; Legal Notice ;
----------------
Copyright (C) 2018  Intel Corporation. All rights reserved.
Your use of Intel Corporation's design tools, logic functions 
and other software and tools, and its AMPP partner logic 
functions, and any output files from any of the foregoing 
(including device programming or simulation files), and any 
associated documentation or information are expressly subject 
to the terms and conditions of the Intel Program License 
Subscription Agreement, the Intel Quartus Prime License Agreement,
the Intel FPGA IP License Agreement, or other applicable license
agreement, including, without limitation, that your use is for
the sole purpose of programming logic devices manufactured by
Intel and sold by Intel or its authorized distributors.  Please
refer to the applicable agreement for further details.



+-------------------------------------------------------------------------------+
; Flow Summary                                                                  ;
+---------------------------------+---------------------------------------------+
; Flow Status                     ; Successful - Thu Jul 16 04:48:38 2026       ;
; Quartus Prime Version           ; 18.1.0 Build 625 09/12/2018 SJ Lite Edition ;
; Revision Name                   ; add_sub                                     ;
; Top-level Entity Name           ; baseline_c5gx                               ;
; Family                          ; Cyclone V                                   ;
; Device                          ; 5CGXFC5C6F27C7                              ;
; Timing Models                   ; Final                                       ;
; Logic utilization (in ALMs)     ; 1 / 29,080 ( < 1 % )                        ;
; Total registers                 ; 0                                           ;
; Total pins                      ; 237 / 364 ( 65 % )                          ;
; Total virtual pins              ; 0                                           ;
; Total block memory bits         ; 0 / 4,567,040 ( 0 % )                       ;
; Total DSP Blocks                ; 0 / 150 ( 0 % )                             ;
; Total HSSI RX PCSs              ; 0 / 6 ( 0 % )                               ;
; Total HSSI PMA RX Deserializers ; 0 / 6 ( 0 % )                               ;
; Total HSSI TX PCSs              ; 0 / 6 ( 0 % )                               ;
; Total HSSI PMA TX Serializers   ; 0 / 6 ( 0 % )                               ;
; Total PLLs                      ; 0 / 12 ( 0 % )                              ;
; Total DLLs                      ; 0 / 4 ( 0 % )                               ;
+---------------------------------+---------------------------------------------+


+-----------------------------------------+
; Flow Settings                           ;
+-------------------+---------------------+
; Option            ; Setting             ;
+-------------------+---------------------+
; Start date & time ; 07/16/2026 04:47:04 ;
; Main task         ; Compilation         ;
; Revision Name     ; add_sub             ;
+-------------------+---------------------+


+-------------------------------------------------------------------------------------------------------------------------------+
; Flow Non-Default Global Settings                                                                                              ;
+-------------------------------------+----------------------------------------+---------------+---------------+----------------+
; Assignment Name                     ; Value                                  ; Default Value ; Entity Name   ; Section Id     ;
+-------------------------------------+----------------------------------------+---------------+---------------+----------------+
; COMPILER_SIGNATURE_ID               ; 246775580000816.178415922403732        ; --            ; --            ; --             ;
; EDA_OUTPUT_DATA_FORMAT              ; Systemverilog Hdl                      ; --            ; --            ; eda_simulation ;
; EDA_RUN_TOOL_AUTOMATICALLY          ; On                                     ; --            ; --            ; eda_simulation ;
; EDA_SIMULATION_TOOL                 ; ModelSim-Altera (SystemVerilog)        ; <None>        ; --            ; --             ;
; EDA_TIME_SCALE                      ; 1 ps                                   ; --            ; --            ; eda_simulation ;
; FITTER_EFFORT                       ; Standard Fit                           ; Auto Fit      ; --            ; --             ;
; MAX_CORE_JUNCTION_TEMP              ; 85                                     ; --            ; --            ; --             ;
; MIN_CORE_JUNCTION_TEMP              ; 0                                      ; --            ; --            ; --             ;
; MISC_FILE                           ; add_sub_bb.v                           ; --            ; --            ; --             ;
; OUTPUT_IO_TIMING_FAR_END_VMEAS      ; Half Signal Swing                      ; --            ; --            ; --             ;
; OUTPUT_IO_TIMING_FAR_END_VMEAS      ; Half Signal Swing                      ; --            ; --            ; --             ;
; OUTPUT_IO_TIMING_NEAR_END_VMEAS     ; Half Vccio                             ; --            ; --            ; --             ;
; OUTPUT_IO_TIMING_NEAR_END_VMEAS     ; Half Vccio                             ; --            ; --            ; --             ;
; PARTITION_COLOR                     ; -- (Not supported for targeted family) ; --            ; baseline_c5gx ; Top            ;
; PARTITION_FITTER_PRESERVATION_LEVEL ; -- (Not supported for targeted family) ; --            ; baseline_c5gx ; Top            ;
; PARTITION_NETLIST_TYPE              ; -- (Not supported for targeted family) ; --            ; baseline_c5gx ; Top            ;
; POWER_BOARD_THERMAL_MODEL           ; None (CONSERVATIVE)                    ; --            ; --            ; --             ;
; POWER_PRESET_COOLING_SOLUTION       ; 23 MM HEAT SINK WITH 200 LFPM AIRFLOW  ; --            ; --            ; --             ;
; PROJECT_OUTPUT_DIRECTORY            ; output_files                           ; --            ; --            ; --             ;
; TOP_LEVEL_ENTITY                    ; baseline_c5gx                          ; add_sub       ; --            ; --             ;
+-------------------------------------+----------------------------------------+---------------+---------------+----------------+


+--------------------------------------------------------------------------------------------------------------------------+
; Flow Elapsed Time                                                                                                        ;
+----------------------+--------------+-------------------------+---------------------+------------------------------------+
; Module Name          ; Elapsed Time ; Average Processors Used ; Peak Virtual Memory ; Total CPU Time (on all processors) ;
+----------------------+--------------+-------------------------+---------------------+------------------------------------+
; Analysis & Synthesis ; 00:00:13     ; 1.0                     ; 4798 MB             ; 00:00:31                           ;
; Fitter               ; 00:00:42     ; 1.0                     ; 7632 MB             ; 00:01:53                           ;
; Assembler            ; 00:00:15     ; 1.0                     ; 4831 MB             ; 00:00:08                           ;
; Timing Analyzer      ; 00:00:13     ; 1.0                     ; 5226 MB             ; 00:00:10                           ;
; EDA Netlist Writer   ; 00:00:03     ; 1.0                     ; 4746 MB             ; 00:00:02                           ;
; Total                ; 00:01:26     ; --                      ; --                  ; 00:02:44                           ;
+----------------------+--------------+-------------------------+---------------------+------------------------------------+


+------------------------------------------------------------------------------------+
; Flow OS Summary                                                                    ;
+----------------------+------------------+------------+------------+----------------+
; Module Name          ; Machine Hostname ; OS Name    ; OS Version ; Processor type ;
+----------------------+------------------+------------+------------+----------------+
; Analysis & Synthesis ; DESKTOP-429K6V7  ; Windows 10 ; 10.0       ; x86_64         ;
; Fitter               ; DESKTOP-429K6V7  ; Windows 10 ; 10.0       ; x86_64         ;
; Assembler            ; DESKTOP-429K6V7  ; Windows 10 ; 10.0       ; x86_64         ;
; Timing Analyzer      ; DESKTOP-429K6V7  ; Windows 10 ; 10.0       ; x86_64         ;
; EDA Netlist Writer   ; DESKTOP-429K6V7  ; Windows 10 ; 10.0       ; x86_64         ;
+----------------------+------------------+------------+------------+----------------+


------------
; Flow Log ;
------------
quartus_map --read_settings_files=on --write_settings_files=off add_sub -c add_sub
quartus_fit --read_settings_files=off --write_settings_files=off add_sub -c add_sub
quartus_asm --read_settings_files=off --write_settings_files=off add_sub -c add_sub
quartus_sta add_sub -c add_sub
quartus_eda --read_settings_files=off --write_settings_files=off add_sub -c add_sub



