Info: Start Nativelink Simulation process

========= EDA Simulation Settings =====================

Sim Mode              :  Gate
Family                :  cyclonev
Quartus root          :  c:/intelfpga_lite/18.1/quartus/bin64/
Quartus sim root      :  c:/intelfpga_lite/18.1/quartus/eda/sim_lib
Simulation Tool       :  modelsim-altera
Simulation Language   :  systemverilog
Simulation Mode       :  GUI
Sim Output File       :  hd_detector.svo
Sim SDF file          :  hd_detector__verilog.sdo
Sim dir               :  simulation\modelsim

=======================================================

Info: Starting NativeLink simulation with ModelSim-Altera software
Sourced NativeLink script c:/intelfpga_lite/18.1/quartus/common/tcl/internal/nativelink/modelsim.tcl
Warning: File hd_detector_run_msim_gate_systemverilog.do already exists - backing up current file as hd_detector_run_msim_gate_systemverilog.do.bak2
Probing transcript
ModelSim-Altera Info: # Reading C:/intelFPGA_lite/18.1/modelsim_ase/tcl/vsim/pref.tcl
ModelSim-Altera Info: # do hd_detector_run_msim_gate_systemverilog.do
ModelSim-Altera Info: # if {[file exists gate_work]} {
ModelSim-Altera Info: # 	vdel -lib gate_work -all
ModelSim-Altera Info: # }
ModelSim-Altera Info: # vlib gate_work
ModelSim-Altera Info: # vmap work gate_work
ModelSim-Altera Info: # Model Technology ModelSim - Intel FPGA Edition vmap 10.5b Lib Mapping Utility 2016.10 Oct  5 2016
ModelSim-Altera Info: # vmap work gate_work 
ModelSim-Altera Info: # Copying C:/intelFPGA_lite/18.1/modelsim_ase/win32aloem/../modelsim.ini to modelsim.ini
ModelSim-Altera Info: # Modifying modelsim.ini
ModelSim-Altera Info: # 
ModelSim-Altera Info: # vlog -sv -work work +incdir+. {hd_detector.svo}
ModelSim-Altera Info: # Model Technology ModelSim - Intel FPGA Edition vlog 10.5b Compiler 2016.10 Oct  5 2016
ModelSim-Altera Info: # Start time: 21:10:03 on Jun 26,2026
ModelSim-Altera Info: # vlog -reportprogress 300 -sv -work work "+incdir+." hd_detector.svo 
ModelSim-Altera Info: # -- Compiling module hd_detector
ModelSim-Altera Info: # 
ModelSim-Altera Info: # Top level modules:
ModelSim-Altera Info: # 	hd_detector
ModelSim-Altera Info: # End time: 21:10:03 on Jun 26,2026, Elapsed time: 0:00:00
ModelSim-Altera Info: # Errors: 0, Warnings: 0
ModelSim-Altera Info: # 
ModelSim-Altera Info: # vlog -sv -work work +incdir+C:/Users/Noman\ Traders/Desktop/AYAT/QUARTUS/HAMMING\ DISTANCE\ DETECTOR {C:/Users/Noman Traders/Desktop/AYAT/QUARTUS/HAMMING DISTANCE DETECTOR/hd_detector_tb.sv}
ModelSim-Altera Info: # Model Technology ModelSim - Intel FPGA Edition vlog 10.5b Compiler 2016.10 Oct  5 2016
ModelSim-Altera Info: # Start time: 21:10:03 on Jun 26,2026
ModelSim-Altera Info: # vlog -reportprogress 300 -sv -work work "+incdir+C:/Users/Noman Traders/Desktop/AYAT/QUARTUS/HAMMING DISTANCE DETECTOR" C:/Users/Noman Traders/Desktop/AYAT/QUARTUS/HAMMING DISTANCE DETECTOR/hd_detector_tb.sv 
ModelSim-Altera Info: # -- Compiling module hd_detector_tb
ModelSim-Altera Info: # 
ModelSim-Altera Info: # Top level modules:
ModelSim-Altera Info: # 	hd_detector_tb
ModelSim-Altera Info: # End time: 21:10:03 on Jun 26,2026, Elapsed time: 0:00:00
ModelSim-Altera Info: # Errors: 0, Warnings: 0
ModelSim-Altera Info: # 
ModelSim-Altera Info: # vsim -t 1ps +transport_int_delays +transport_path_delays -L altera_ver -L altera_lnsim_ver -L cyclonev_ver -L lpm_ver -L sgate_ver -L cyclonev_hssi_ver -L altera_mf_ver -L cyclonev_pcie_hip_ver -L gate_work -L work -voptargs="+acc"  hd_detector_tb
ModelSim-Altera Info: # vsim -t 1ps "+transport_int_delays" "+transport_path_delays" -L altera_ver -L altera_lnsim_ver -L cyclonev_ver -L lpm_ver -L sgate_ver -L cyclonev_hssi_ver -L altera_mf_ver -L cyclonev_pcie_hip_ver -L gate_work -L work -voptargs=""+acc"" hd_detector_tb 
ModelSim-Altera Info: # Start time: 21:10:05 on Jun 26,2026
ModelSim-Altera Info: # Loading sv_std.std
ModelSim-Altera Info: # Loading work.hd_detector_tb
ModelSim-Altera Info: # Loading work.hd_detector
ModelSim-Altera Info: # Loading cyclonev_ver.cyclonev_io_obuf
ModelSim-Altera Info: # Loading cyclonev_ver.cyclonev_io_ibuf
ModelSim-Altera Info: # Loading cyclonev_ver.cyclonev_lcell_comb
ModelSim-Altera Info: # 
ModelSim-Altera Info: # add wave *
ModelSim-Altera Info: # view structure
ModelSim-Altera Info: # .main_pane.structure.interior.cs.body.struct
ModelSim-Altera Info: # view signals
ModelSim-Altera Info: # .main_pane.objects.interior.cs.body.tree
ModelSim-Altera Info: # run -all
ModelSim-Altera Info: # ** Note: $stop    : C:/Users/Noman Traders/Desktop/AYAT/QUARTUS/HAMMING DISTANCE DETECTOR/hd_detector_tb.sv(31)
ModelSim-Altera Info: #    Time: 60 ns  Iteration: 0  Instance: /hd_detector_tb
ModelSim-Altera Info: # Break in Module hd_detector_tb at C:/Users/Noman Traders/Desktop/AYAT/QUARTUS/HAMMING DISTANCE DETECTOR/hd_detector_tb.sv line 31
ModelSim-Altera Info: # End time: 21:39:20 on Jun 26,2026, Elapsed time: 0:29:15
ModelSim-Altera Info: # Errors: 0, Warnings: 0
Info: NativeLink simulation flow was successful
