Info: Start Nativelink Simulation process

========= EDA Simulation Settings =====================

Sim Mode              :  Gate
Family                :  cyclonev
Quartus root          :  c:/intelfpga_lite/18.1/quartus/bin64/
Quartus sim root      :  c:/intelfpga_lite/18.1/quartus/eda/sim_lib
Simulation Tool       :  modelsim-altera
Simulation Language   :  systemverilog
Simulation Mode       :  GUI
Sim Output File       :  rc.svo
Sim SDF file          :  rc__verilog.sdo
Sim dir               :  simulation\modelsim

=======================================================

Info: Starting NativeLink simulation with ModelSim-Altera software
Sourced NativeLink script c:/intelfpga_lite/18.1/quartus/common/tcl/internal/nativelink/modelsim.tcl
Warning: File rc_run_msim_gate_systemverilog.do already exists - backing up current file as rc_run_msim_gate_systemverilog.do.bak
Probing transcript
ModelSim-Altera Info: # Reading C:/intelFPGA_lite/18.1/modelsim_ase/tcl/vsim/pref.tcl
ModelSim-Altera Info: # do rc_run_msim_gate_systemverilog.do
ModelSim-Altera Info: # if {[file exists gate_work]} {
ModelSim-Altera Info: # 	vdel -lib gate_work -all
ModelSim-Altera Info: # }
ModelSim-Altera Info: # vlib gate_work
ModelSim-Altera Info: # vmap work gate_work
ModelSim-Altera Info: # Model Technology ModelSim - Intel FPGA Edition vmap 10.5b Lib Mapping Utility 2016.10 Oct  5 2016
ModelSim-Altera Info: # vmap work gate_work 
ModelSim-Altera Info: # Copying C:/intelFPGA_lite/18.1/modelsim_ase/win32aloem/../modelsim.ini to modelsim.ini
ModelSim-Altera Info: # Modifying modelsim.ini
ModelSim-Altera Info: # 
ModelSim-Altera Info: # vlog -sv -work work +incdir+. {rc.svo}
ModelSim-Altera Info: # Model Technology ModelSim - Intel FPGA Edition vlog 10.5b Compiler 2016.10 Oct  5 2016
ModelSim-Altera Info: # Start time: 12:07:28 on Jun 25,2026
ModelSim-Altera Info: # vlog -reportprogress 300 -sv -work work "+incdir+." rc.svo 
ModelSim-Altera Info: # -- Compiling module rc
ModelSim-Altera Info: # 
ModelSim-Altera Info: # Top level modules:
ModelSim-Altera Info: # 	rc
ModelSim-Altera Info: # End time: 12:07:28 on Jun 25,2026, Elapsed time: 0:00:00
ModelSim-Altera Info: # Errors: 0, Warnings: 0
ModelSim-Altera Info: # 
Info: NativeLink simulation flow was successful
